<?xml version="1.0" encoding="UTF-8"?>
<testsuite name="obssolution.task1.service.ItemServiceTest" tests="5" skipped="0" failures="0" errors="0" timestamp="2026-03-09T09:45:03.286Z" hostname="MacBookPro" time="0.087">
  <properties/>
  <testcase name="delete()" classname="obssolution.task1.service.ItemServiceTest" time="0.002"/>
  <testcase name="findAll()" classname="obssolution.task1.service.ItemServiceTest" time="0.059"/>
  <testcase name="update()" classname="obssolution.task1.service.ItemServiceTest" time="0.004"/>
  <testcase name="getByID()" classname="obssolution.task1.service.ItemServiceTest" time="0.002"/>
  <testcase name="save()" classname="obssolution.task1.service.ItemServiceTest" time="0.001"/>
  <system-out><![CDATA[]]></system-out>
  <system-err><![CDATA[]]></system-err>
</testsuite>
