<?xml version="1.0" encoding="UTF-8"?>
<testsuite name="obssolution.task1.service.InventoryServiceTest" tests="7" skipped="0" failures="0" errors="0" timestamp="2026-03-09T09:45:02.889Z" hostname="MacBookPro" time="0.394">
  <properties/>
  <testcase name="getByIdNotFound()" classname="obssolution.task1.service.InventoryServiceTest" time="0.027"/>
  <testcase name="delete()" classname="obssolution.task1.service.InventoryServiceTest" time="0.01"/>
  <testcase name="findAll()" classname="obssolution.task1.service.InventoryServiceTest" time="0.004"/>
  <testcase name="update()" classname="obssolution.task1.service.InventoryServiceTest" time="0.002"/>
  <testcase name="getByID()" classname="obssolution.task1.service.InventoryServiceTest" time="0.001"/>
  <testcase name="save()" classname="obssolution.task1.service.InventoryServiceTest" time="0.003"/>
  <testcase name="save_ItemNotFound()" classname="obssolution.task1.service.InventoryServiceTest" time="0.001"/>
  <system-out><![CDATA[]]></system-out>
  <system-err><![CDATA[]]></system-err>
</testsuite>
