<?xml version="1.0" encoding="UTF-8"?>
<testsuite name="obssolution.task1.service.OrderServiceTest" tests="5" skipped="0" failures="0" errors="0" timestamp="2026-03-09T09:45:03.374Z" hostname="MacBookPro" time="0.083">
  <properties/>
  <testcase name="delete()" classname="obssolution.task1.service.OrderServiceTest" time="0.003"/>
  <testcase name="findAll()" classname="obssolution.task1.service.OrderServiceTest" time="0.001"/>
  <testcase name="update()" classname="obssolution.task1.service.OrderServiceTest" time="0.002"/>
  <testcase name="getByOrderNo()" classname="obssolution.task1.service.OrderServiceTest" time="0.002"/>
  <testcase name="save()" classname="obssolution.task1.service.OrderServiceTest" time="0.002"/>
  <system-out><![CDATA[]]></system-out>
  <system-err><![CDATA[]]></system-err>
</testsuite>
