<?xml version="1.0" encoding="UTF-8"?>
<testsuite name="obssolution.task1.repository.OrderRepositoryTest" tests="2" skipped="0" failures="0" errors="0" timestamp="2026-03-09T09:45:02.455Z" hostname="MacBookPro" time="0.433">
  <properties/>
  <testcase name="shouldGenerateOrderNoWithPrefixO()" classname="obssolution.task1.repository.OrderRepositoryTest" time="0.085"/>
  <testcase name="shouldFindOrderByOrderNo()" classname="obssolution.task1.repository.OrderRepositoryTest" time="0.012"/>
  <system-out><![CDATA[2026-03-09T16:45:02.458+07:00  INFO 11005 --- [task] [    Test worker] t.c.s.AnnotationConfigContextLoaderUtils : Could not detect default configuration classes for test class [obssolution.task1.repository.OrderRepositoryTest]: OrderRepositoryTest does not declare any static, non-private, non-final, nested classes annotated with @Configuration.
2026-03-09T16:45:02.491+07:00  INFO 11005 --- [task] [    Test worker] .b.t.c.SpringBootTestContextBootstrapper : Found @SpringBootConfiguration obssolution.task1.TaskApplication for test class obssolution.task1.repository.OrderRepositoryTest

  .   ____          _            __ _ _
 /\\ / ___'_ __ _ _(_)_ __  __ _ \ \ \ \
( ( )\___ | '_ | '_| | '_ \/ _` | \ \ \ \
 \\/  ___)| |_)| | | | | || (_| |  ) ) ) )
  '  |____| .__|_| |_|_| |_\__, | / / / /
 =========|_|==============|___/=/_/_/_/

 :: Spring Boot ::                (v4.0.3)

2026-03-09T16:45:02.523+07:00  INFO 11005 --- [task] [    Test worker] o.task1.repository.OrderRepositoryTest   : Starting OrderRepositoryTest using Java 21.0.6 with PID 11005 (started by macbook in /Users/macbook/projects/benny-projects/obssolution)
2026-03-09T16:45:02.524+07:00  INFO 11005 --- [task] [    Test worker] o.task1.repository.OrderRepositoryTest   : The following 1 profile is active: "test"
2026-03-09T16:45:02.582+07:00  INFO 11005 --- [task] [    Test worker] .s.d.r.c.RepositoryConfigurationDelegate : Bootstrapping Spring Data JPA repositories in DEFAULT mode.
2026-03-09T16:45:02.591+07:00  INFO 11005 --- [task] [    Test worker] .s.d.r.c.RepositoryConfigurationDelegate : Finished Spring Data repository scanning in 7 ms. Found 3 JPA repository interfaces.
2026-03-09T16:45:02.605+07:00  INFO 11005 --- [task] [    Test worker] beddedDataSourceBeanFactoryPostProcessor : Replacing 'dataSource' DataSource bean with embedded version
2026-03-09T16:45:02.622+07:00  INFO 11005 --- [task] [    Test worker] o.s.j.d.e.EmbeddedDatabaseFactory        : Starting embedded database: url='jdbc:h2:mem:96d21b77-3f0a-4d35-b008-0b1228699b1c;DB_CLOSE_DELAY=-1;DB_CLOSE_ON_EXIT=false', username='sa'
2026-03-09T16:45:02.627+07:00  INFO 11005 --- [task] [    Test worker] liquibase.database                       : Set default schema name to PUBLIC
2026-03-09T16:45:02.635+07:00  INFO 11005 --- [task] [    Test worker] liquibase.snapshot                       : Creating snapshot
2026-03-09T16:45:02.637+07:00  INFO 11005 --- [task] [    Test worker] liquibase.changelog                      : Creating database changelog table with name: PUBLIC.DATABASECHANGELOG
2026-03-09T16:45:02.646+07:00  INFO 11005 --- [task] [    Test worker] liquibase.snapshot                       : Creating snapshot
2026-03-09T16:45:02.653+07:00  INFO 11005 --- [task] [    Test worker] liquibase.lockservice                    : Successfully acquired change log lock
2026-03-09T16:45:02.653+07:00  INFO 11005 --- [task] [    Test worker] liquibase.command                        : Using deploymentId: 3049492482
2026-03-09T16:45:02.654+07:00  INFO 11005 --- [task] [    Test worker] liquibase.changelog                      : Reading from PUBLIC.DATABASECHANGELOG
2026-03-09T16:45:02.656+07:00  INFO 11005 --- [task] [    Test worker] liquibase.ui                             : Running Changeset: db/changelog/init.sql::raw::includeAll
2026-03-09T16:45:02.661+07:00  INFO 11005 --- [task] [    Test worker] liquibase.changelog                      : Custom SQL executed
2026-03-09T16:45:02.661+07:00  INFO 11005 --- [task] [    Test worker] liquibase.changelog                      : ChangeSet db/changelog/init.sql::raw::includeAll ran successfully in 5ms
2026-03-09T16:45:02.663+07:00  INFO 11005 --- [task] [    Test worker] liquibase.ui                             : Running Changeset: db/changelog/init-pump-data-test.sql::raw::includeAll
2026-03-09T16:45:02.679+07:00  INFO 11005 --- [task] [    Test worker] liquibase.changelog                      : Custom SQL executed
2026-03-09T16:45:02.680+07:00  INFO 11005 --- [task] [    Test worker] liquibase.changelog                      : ChangeSet db/changelog/init-pump-data-test.sql::raw::includeAll ran successfully in 17ms
2026-03-09T16:45:02.682+07:00  INFO 11005 --- [task] [    Test worker] liquibase.ui                             : Running Changeset: db/changelog/order-test-scenario-data.sql::raw::includeAll
2026-03-09T16:45:02.684+07:00  INFO 11005 --- [task] [    Test worker] liquibase.changelog                      : Custom SQL executed
2026-03-09T16:45:02.684+07:00  INFO 11005 --- [task] [    Test worker] liquibase.changelog                      : ChangeSet db/changelog/order-test-scenario-data.sql::raw::includeAll ran successfully in 1ms
2026-03-09T16:45:02.685+07:00  INFO 11005 --- [task] [    Test worker] liquibase.util                           : UPDATE SUMMARY
2026-03-09T16:45:02.686+07:00  INFO 11005 --- [task] [    Test worker] liquibase.util                           : Run:                          3
2026-03-09T16:45:02.686+07:00  INFO 11005 --- [task] [    Test worker] liquibase.util                           : Previously run:               0
2026-03-09T16:45:02.686+07:00  INFO 11005 --- [task] [    Test worker] liquibase.util                           : Filtered out:                 0
2026-03-09T16:45:02.686+07:00  INFO 11005 --- [task] [    Test worker] liquibase.util                           : -------------------------------
2026-03-09T16:45:02.686+07:00  INFO 11005 --- [task] [    Test worker] liquibase.util                           : Total change sets:            3
2026-03-09T16:45:02.686+07:00  INFO 11005 --- [task] [    Test worker] liquibase.util                           : Update summary generated
2026-03-09T16:45:02.686+07:00  INFO 11005 --- [task] [    Test worker] liquibase.command                        : Update command completed successfully.
2026-03-09T16:45:02.686+07:00  INFO 11005 --- [task] [    Test worker] liquibase.ui                             : Liquibase: Update has been successful. Rows affected: 11
2026-03-09T16:45:02.687+07:00  INFO 11005 --- [task] [    Test worker] liquibase.lockservice                    : Successfully released change log lock
2026-03-09T16:45:02.687+07:00  INFO 11005 --- [task] [    Test worker] liquibase.command                        : Command execution complete
2026-03-09T16:45:02.698+07:00  INFO 11005 --- [task] [    Test worker] org.hibernate.orm.jpa                    : HHH008540: Processing PersistenceUnitInfo [name: default]
2026-03-09T16:45:02.713+07:00  INFO 11005 --- [task] [    Test worker] o.s.o.j.p.SpringPersistenceUnitInfo      : No LoadTimeWeaver setup: ignoring JPA class transformer
2026-03-09T16:45:02.714+07:00  INFO 11005 --- [task] [    Test worker] org.hibernate.orm.connections.pooling    : HHH10001005: Database info:
	Database JDBC URL [jdbc:h2:mem:96d21b77-3f0a-4d35-b008-0b1228699b1c]
	Database driver: H2 JDBC Driver
	Database dialect: H2Dialect
	Database version: 2.4.240
	Default catalog/schema: 96D21B77-3F0A-4D35-B008-0B1228699B1C/PUBLIC
	Autocommit mode: undefined/unknown
	Isolation level: READ_COMMITTED [default READ_COMMITTED]
	JDBC fetch size: 100
	Pool: DataSourceConnectionProvider
	Minimum pool size: undefined/unknown
	Maximum pool size: undefined/unknown
2026-03-09T16:45:02.746+07:00  INFO 11005 --- [task] [    Test worker] org.hibernate.orm.core                   : HHH000489: No JTA platform available (set 'hibernate.transaction.jta.platform' to enable JTA platform integration)
2026-03-09T16:45:02.746+07:00  INFO 11005 --- [task] [    Test worker] j.LocalContainerEntityManagerFactoryBean : Initialized JPA EntityManagerFactory for persistence unit 'default'
2026-03-09T16:45:02.789+07:00  INFO 11005 --- [task] [    Test worker] o.task1.repository.OrderRepositoryTest   : Started OrderRepositoryTest in 0.292 seconds (process running for 15.824)
2026-03-09T16:45:02.871+07:00  INFO 11005 --- [task] [    Test worker] o.task1.repository.OrderRepositoryTest   : Generated ID 1: O1
2026-03-09T16:45:02.872+07:00  INFO 11005 --- [task] [    Test worker] o.task1.repository.OrderRepositoryTest   : Generated ID 1: O2
Hibernate: select o1_0.order_no,o1_0.item_id,o1_0.item_id_snapshot,o1_0.price,o1_0.qty from orders o1_0 where o1_0.order_no=?
]]></system-out>
  <system-err><![CDATA[]]></system-err>
</testsuite>
